<?xml version="1.0" encoding="UTF-8"?>
<!-- Generated by org.testng.reporters.JUnitReportReporter -->
<testsuite skipped="0" hostname="Alexandrs-MacBook-Air.local" name="com.hrms.testcases.LoginTest" tests="3" failures="0" timestamp="2020-09-06T21:54:14 EEST" time="25.837" errors="0">
  <testcase name="invalidLogin" time="8.070" classname="com.hrms.testcases.LoginTest"/>
  <system-out/>
  <testcase name="invalidLogin" time="9.057" classname="com.hrms.testcases.LoginTest"/>
  <system-out/>
  <testcase name="invalidLogin" time="8.710" classname="com.hrms.testcases.LoginTest"/>
  <system-out/>
</testsuite> <!-- com.hrms.testcases.LoginTest -->
