<?xml version="1.0" encoding="UTF-8"?>
<!-- Generated by org.testng.reporters.JUnitReportReporter -->
<testsuite skipped="0" hostname="Alexandrs-MacBook-Air.local" name="com.hrms.testcases.LoginTest" tests="5" failures="0" timestamp="2020-09-07T23:55:08 EEST" time="74.284" errors="0">
  <testcase name="addEmployee" time="18.880" classname="com.hrms.testcases.LoginTest"/>
  <system-out/>
  <testcase name="addEmployee" time="13.743" classname="com.hrms.testcases.LoginTest"/>
  <system-out/>
  <testcase name="addEmployee" time="12.788" classname="com.hrms.testcases.LoginTest"/>
  <system-out/>
  <testcase name="addEmployee" time="12.889" classname="com.hrms.testcases.LoginTest"/>
  <system-out/>
  <testcase name="addEmployee" time="15.984" classname="com.hrms.testcases.LoginTest"/>
  <system-out/>
</testsuite> <!-- com.hrms.testcases.LoginTest -->
