<?xml version="1.0" encoding="UTF-8"?>
<!-- Generated by org.testng.reporters.JUnitReportReporter -->
<testsuite skipped="0" hostname="Alexandrs-MacBook-Air.local" name="com.hrms.testcases.LoginTest" tests="3" failures="0" timestamp="2020-09-11T04:53:02 EEST" time="18.955" errors="0">
  <testcase name="invalidLogin" time="6.351" classname="com.hrms.testcases.LoginTest"/>
  <system-out/>
  <testcase name="invalidLogin" time="7.748" classname="com.hrms.testcases.LoginTest"/>
  <system-out/>
  <testcase name="invalidLogin" time="4.856" classname="com.hrms.testcases.LoginTest"/>
  <system-out/>
</testsuite> <!-- com.hrms.testcases.LoginTest -->
