<?xml version="1.0" encoding="UTF-8"?>
<!-- Generated by org.testng.reporters.JUnitReportReporter -->
<testsuite skipped="0" hostname="Alexandrs-MacBook-Air.local" name="com.hrms.testcases.LoginTest" tests="1" failures="0" timestamp="2020-11-26T01:15:57 EET" time="10.967" errors="0">
  <testcase name="validAdminLogin" time="10.967" classname="com.hrms.testcases.LoginTest"/>
  <system-out/>
</testsuite> <!-- com.hrms.testcases.LoginTest -->
